<?xml version="1.0" encoding="UTF-8"?>
<!-- Generated by org.testng.reporters.JUnitXMLReporter -->
<testsuite ignored="0" hostname="LAPTOP-C8T636DE" failures="0" tests="6" name="ReviewTest" time="47.896" errors="0" timestamp="2023-06-08T14:50:40 EDT">
  <testcase classname="ca.amazon.testcases.ReviewTest" name="ReviewLogin" time="5.24"/>
  <testcase classname="ca.amazon.testcases.ReviewTest" name="ReviewSearchProduct" time="0.501"/>
  <testcase classname="ca.amazon.testcases.ReviewTest" name="ReviewSubmit" time="2.012"/>
  <testcase classname="ca.amazon.testcases.ReviewTest" name="ReviewScrollDown" time="3.921"/>
  <testcase classname="ca.amazon.testcases.ReviewTest" name="ReviewCheckReview" time="24.411"/>
  <testcase classname="ca.amazon.testcases.ReviewTest" name="ReviewPage" time="4.439"/>
</testsuite> <!-- ReviewTest -->
